<?xml version="1.0" encoding="UTF-8"?>
<!-- Generated by org.testng.reporters.JUnitReportReporter -->
<testsuite hostname="Ankita-PC" failures="0" tests="2" name="tests.CheckoutTest" time="27.943" errors="0" timestamp="2024-08-12T15:43:43 IST" skipped="0">
  <testcase classname="tests.CheckoutTest" name="validateAddToCartFlow" time="9.070"/>
  <testcase classname="tests.CheckoutTest" name="validateCheckoutFlow" time="18.873"/>
</testsuite> <!-- tests.CheckoutTest -->
