<?xml version="1.0" encoding="UTF-8"?>
<!-- Generated by org.testng.reporters.JUnitReportReporter -->
<testsuite hostname="Ankita-PC" failures="0" tests="2" name="tests.CreateNewAccountTest" time="13.933" errors="0" timestamp="2024-08-10T17:36:55 IST" skipped="0">
  <testcase classname="tests.CreateNewAccountTest" name="testUnsuccessfulRegistration" time="7.241"/>
  <testcase classname="tests.CreateNewAccountTest" name="testSuccessfulRegistration" time="6.692"/>
</testsuite> <!-- tests.CreateNewAccountTest -->
