<?xml version="1.0" encoding="UTF-8"?>
<!-- Generated by org.testng.reporters.JUnitReportReporter -->
<testsuite hostname="Ankita-PC" failures="0" tests="1" name="tests.SignOutTest" time="6.392" errors="0" timestamp="2024-08-09T17:13:57 IST" skipped="0">
  <testcase classname="tests.SignOutTest" name="testLoginAndSignOut" time="6.392"/>
</testsuite> <!-- tests.SignOutTest -->
