<?xml version="1.0" encoding="UTF-8"?>
<!-- Generated by org.testng.reporters.JUnitReportReporter -->
<testsuite hostname="Ankita-PC" failures="0" tests="1" name="tests.AddressFillingPageTest" time="22.990" errors="0" timestamp="2024-08-11T22:14:52 IST" skipped="0">
  <testcase classname="tests.AddressFillingPageTest" name="validateAddressFilling" time="22.990"/>
</testsuite> <!-- tests.AddressFillingPageTest -->
